11:35:05.789 [main] ERROR o.q.orm.drive.Drive - [executeSql,229] - SQL execution error:Table 'test_db.sys_app_favorite' doesn't exist
java.sql.SQLSyntaxErrorException: Table 'test_db.sys_app_favorite' doesn't exist
	at com.mysql.cj.jdbc.exceptions.SQLError.createSQLException(SQLError.java:120)
	at com.mysql.cj.jdbc.exceptions.SQLExceptionsMapping.translateException(SQLExceptionsMapping.java:122)
	at com.mysql.cj.jdbc.StatementImpl.executeQuery(StatementImpl.java:1200)
	at com.alibaba.druid.pool.DruidPooledStatement.executeQuery(DruidPooledStatement.java:300)
	at org.quickjava.orm.drive.QuickConnection.select(QuickConnection.java:139)
	at org.quickjava.orm.drive.Drive.executeSql(Drive.java:222)
	at org.quickjava.orm.drive.Drive.executeSql(Drive.java:188)
	at org.quickjava.orm.query.QuerySet.executeSql(QuerySet.java:550)
	at org.quickjava.orm.query.QuerySet.count(QuerySet.java:619)
	at org.quickjava.orm.query.QuerySet.count(QuerySet.java:596)
	at org.quickjava.orm.query.QuerySet.pagination(QuerySet.java:575)
	at org.quickjava.orm.query.QuerySet.pagination(QuerySet.java:587)
	at org.quickjava.orm.wrapper.AbstractModelWrapper.pagination(AbstractModelWrapper.java:275)
	at org.quickjava.orm.wrapper.AbstractModelWrapper.pagination(AbstractModelWrapper.java:282)
	at org.quickjava.spring.TestModelJoin.test1(TestModelJoin.java:81)
	at sun.reflect.NativeMethodAccessorImpl.invoke0(Native Method)
	at sun.reflect.NativeMethodAccessorImpl.invoke(NativeMethodAccessorImpl.java:62)
	at sun.reflect.DelegatingMethodAccessorImpl.invoke(DelegatingMethodAccessorImpl.java:43)
	at java.lang.reflect.Method.invoke(Method.java:498)
	at org.junit.runners.model.FrameworkMethod$1.runReflectiveCall(FrameworkMethod.java:50)
	at org.junit.internal.runners.model.ReflectiveCallable.run(ReflectiveCallable.java:12)
	at org.junit.runners.model.FrameworkMethod.invokeExplosively(FrameworkMethod.java:47)
	at org.junit.internal.runners.statements.InvokeMethod.evaluate(InvokeMethod.java:17)
	at org.springframework.test.context.junit4.statements.RunBeforeTestExecutionCallbacks.evaluate(RunBeforeTestExecutionCallbacks.java:74)
	at org.springframework.test.context.junit4.statements.RunAfterTestExecutionCallbacks.evaluate(RunAfterTestExecutionCallbacks.java:84)
	at org.springframework.test.context.junit4.statements.RunBeforeTestMethodCallbacks.evaluate(RunBeforeTestMethodCallbacks.java:75)
	at org.springframework.test.context.junit4.statements.RunAfterTestMethodCallbacks.evaluate(RunAfterTestMethodCallbacks.java:86)
	at org.springframework.test.context.junit4.statements.SpringRepeat.evaluate(SpringRepeat.java:84)
	at org.junit.runners.ParentRunner.runLeaf(ParentRunner.java:325)
	at org.springframework.test.context.junit4.SpringJUnit4ClassRunner.runChild(SpringJUnit4ClassRunner.java:251)
	at org.springframework.test.context.junit4.SpringJUnit4ClassRunner.runChild(SpringJUnit4ClassRunner.java:97)
	at org.junit.runners.ParentRunner$3.run(ParentRunner.java:290)
	at org.junit.runners.ParentRunner$1.schedule(ParentRunner.java:71)
	at org.junit.runners.ParentRunner.runChildren(ParentRunner.java:288)
	at org.junit.runners.ParentRunner.access$000(ParentRunner.java:58)
	at org.junit.runners.ParentRunner$2.evaluate(ParentRunner.java:268)
	at org.springframework.test.context.junit4.statements.RunBeforeTestClassCallbacks.evaluate(RunBeforeTestClassCallbacks.java:61)
	at org.springframework.test.context.junit4.statements.RunAfterTestClassCallbacks.evaluate(RunAfterTestClassCallbacks.java:70)
	at org.junit.runners.ParentRunner.run(ParentRunner.java:363)
	at org.springframework.test.context.junit4.SpringJUnit4ClassRunner.run(SpringJUnit4ClassRunner.java:190)
	at org.junit.runner.JUnitCore.run(JUnitCore.java:137)
	at com.intellij.junit4.JUnit4IdeaTestRunner.startRunnerWithArgs(JUnit4IdeaTestRunner.java:69)
	at com.intellij.rt.junit.IdeaTestRunner$Repeater$1.execute(IdeaTestRunner.java:38)
	at com.intellij.rt.execution.junit.TestsRepeater.repeat(TestsRepeater.java:11)
	at com.intellij.rt.junit.IdeaTestRunner$Repeater.startRunnerWithArgs(IdeaTestRunner.java:35)
	at com.intellij.rt.junit.JUnitStarter.prepareStreamsAndStart(JUnitStarter.java:232)
	at com.intellij.rt.junit.JUnitStarter.main(JUnitStarter.java:55)
11:35:05.791 [main] ERROR o.q.orm.drive.Drive - [executeSql,240] - SQL execution 64.4024ms: SELECT COUNT(*) FROM sys_app_favorite LEFT JOIN sys_app app ON app.app_id = sso_app_favorite.app_id LEFT JOIN sys_app app2 ON app2.app_id = sso_app_favorite.app_id LEFT JOIN sys_app aliasApp01 ON aliasApp01.app_id = sso_app_favorite.app_id LEFT JOIN sys_app app3 ON app3.app_id = sso_app_favorite.app_id AND app3.open = 1 AND app3.name IS NOT NULL LEFT JOIN sys_app_latest sso_app_favorite ON sso_app_favorite.app_id = sso_app_favorite.app_id LEFT JOIN sys_app_latest testAppInfo ON testAppInfo.app_id = sso_app_favorite.app_id WHERE sys_app_favorite.`user_id` = 1 AND sys_app_favorite.`user_id` != 0 AND app.`app_id` = 1 AND app.`app_id` = 1 AND testAppInfo.`app_id` = 1 AND aliasApp01.`app_id` = 1 AND app3.`app_id` = 1
11:42:47.451 [main] ERROR o.q.orm.drive.Drive - [executeSql,229] - SQL execution error:Not unique table/alias: 'sso_app_favorite'
java.sql.SQLSyntaxErrorException: Not unique table/alias: 'sso_app_favorite'
	at com.mysql.cj.jdbc.exceptions.SQLError.createSQLException(SQLError.java:120)
	at com.mysql.cj.jdbc.exceptions.SQLExceptionsMapping.translateException(SQLExceptionsMapping.java:122)
	at com.mysql.cj.jdbc.StatementImpl.executeQuery(StatementImpl.java:1200)
	at com.alibaba.druid.pool.DruidPooledStatement.executeQuery(DruidPooledStatement.java:300)
	at org.quickjava.orm.drive.QuickConnection.select(QuickConnection.java:139)
	at org.quickjava.orm.drive.Drive.executeSql(Drive.java:222)
	at org.quickjava.orm.drive.Drive.executeSql(Drive.java:188)
	at org.quickjava.orm.query.QuerySet.executeSql(QuerySet.java:550)
	at org.quickjava.orm.query.QuerySet.count(QuerySet.java:619)
	at org.quickjava.orm.query.QuerySet.count(QuerySet.java:596)
	at org.quickjava.orm.query.QuerySet.pagination(QuerySet.java:575)
	at org.quickjava.orm.query.QuerySet.pagination(QuerySet.java:587)
	at org.quickjava.orm.wrapper.AbstractModelWrapper.pagination(AbstractModelWrapper.java:275)
	at org.quickjava.orm.wrapper.AbstractModelWrapper.pagination(AbstractModelWrapper.java:282)
	at org.quickjava.spring.TestModelJoin.test1(TestModelJoin.java:81)
	at sun.reflect.NativeMethodAccessorImpl.invoke0(Native Method)
	at sun.reflect.NativeMethodAccessorImpl.invoke(NativeMethodAccessorImpl.java:62)
	at sun.reflect.DelegatingMethodAccessorImpl.invoke(DelegatingMethodAccessorImpl.java:43)
	at java.lang.reflect.Method.invoke(Method.java:498)
	at org.junit.runners.model.FrameworkMethod$1.runReflectiveCall(FrameworkMethod.java:50)
	at org.junit.internal.runners.model.ReflectiveCallable.run(ReflectiveCallable.java:12)
	at org.junit.runners.model.FrameworkMethod.invokeExplosively(FrameworkMethod.java:47)
	at org.junit.internal.runners.statements.InvokeMethod.evaluate(InvokeMethod.java:17)
	at org.springframework.test.context.junit4.statements.RunBeforeTestExecutionCallbacks.evaluate(RunBeforeTestExecutionCallbacks.java:74)
	at org.springframework.test.context.junit4.statements.RunAfterTestExecutionCallbacks.evaluate(RunAfterTestExecutionCallbacks.java:84)
	at org.springframework.test.context.junit4.statements.RunBeforeTestMethodCallbacks.evaluate(RunBeforeTestMethodCallbacks.java:75)
	at org.springframework.test.context.junit4.statements.RunAfterTestMethodCallbacks.evaluate(RunAfterTestMethodCallbacks.java:86)
	at org.springframework.test.context.junit4.statements.SpringRepeat.evaluate(SpringRepeat.java:84)
	at org.junit.runners.ParentRunner.runLeaf(ParentRunner.java:325)
	at org.springframework.test.context.junit4.SpringJUnit4ClassRunner.runChild(SpringJUnit4ClassRunner.java:251)
	at org.springframework.test.context.junit4.SpringJUnit4ClassRunner.runChild(SpringJUnit4ClassRunner.java:97)
	at org.junit.runners.ParentRunner$3.run(ParentRunner.java:290)
	at org.junit.runners.ParentRunner$1.schedule(ParentRunner.java:71)
	at org.junit.runners.ParentRunner.runChildren(ParentRunner.java:288)
	at org.junit.runners.ParentRunner.access$000(ParentRunner.java:58)
	at org.junit.runners.ParentRunner$2.evaluate(ParentRunner.java:268)
	at org.springframework.test.context.junit4.statements.RunBeforeTestClassCallbacks.evaluate(RunBeforeTestClassCallbacks.java:61)
	at org.springframework.test.context.junit4.statements.RunAfterTestClassCallbacks.evaluate(RunAfterTestClassCallbacks.java:70)
	at org.junit.runners.ParentRunner.run(ParentRunner.java:363)
	at org.springframework.test.context.junit4.SpringJUnit4ClassRunner.run(SpringJUnit4ClassRunner.java:190)
	at org.junit.runner.JUnitCore.run(JUnitCore.java:137)
	at com.intellij.junit4.JUnit4IdeaTestRunner.startRunnerWithArgs(JUnit4IdeaTestRunner.java:69)
	at com.intellij.rt.junit.IdeaTestRunner$Repeater$1.execute(IdeaTestRunner.java:38)
	at com.intellij.rt.execution.junit.TestsRepeater.repeat(TestsRepeater.java:11)
	at com.intellij.rt.junit.IdeaTestRunner$Repeater.startRunnerWithArgs(IdeaTestRunner.java:35)
	at com.intellij.rt.junit.JUnitStarter.prepareStreamsAndStart(JUnitStarter.java:232)
	at com.intellij.rt.junit.JUnitStarter.main(JUnitStarter.java:55)
11:42:47.452 [main] ERROR o.q.orm.drive.Drive - [executeSql,240] - SQL execution 67.2695ms: SELECT COUNT(*) FROM sso_app_favorite LEFT JOIN SysApp app ON app.app_id = sso_app_favorite.app_id LEFT JOIN SysApp app2 ON app2.app_id = sso_app_favorite.app_id LEFT JOIN SysApp aliasApp01 ON aliasApp01.app_id = sso_app_favorite.app_id LEFT JOIN SysApp app3 ON app3.app_id = sso_app_favorite.app_id AND app3.open = 1 AND app3.name IS NOT NULL LEFT JOIN SysAppLatest sso_app_favorite ON sso_app_favorite.app_id = sso_app_favorite.app_id LEFT JOIN SysAppLatest testAppInfo ON testAppInfo.app_id = sso_app_favorite.app_id WHERE sso_app_favorite.`user_id` = 1 AND sso_app_favorite.`user_id` != 0 AND app.`app_id` = 1 AND app.`app_id` = 1 AND testAppInfo.`app_id` = 1 AND aliasApp01.`app_id` = 1 AND app3.`app_id` = 1
11:43:50.383 [main] ERROR o.q.orm.drive.Drive - [executeSql,229] - SQL execution error:Not unique table/alias: 'sso_app_favorite'
java.sql.SQLSyntaxErrorException: Not unique table/alias: 'sso_app_favorite'
	at com.mysql.cj.jdbc.exceptions.SQLError.createSQLException(SQLError.java:120)
	at com.mysql.cj.jdbc.exceptions.SQLExceptionsMapping.translateException(SQLExceptionsMapping.java:122)
	at com.mysql.cj.jdbc.StatementImpl.executeQuery(StatementImpl.java:1200)
	at com.alibaba.druid.pool.DruidPooledStatement.executeQuery(DruidPooledStatement.java:300)
	at org.quickjava.orm.drive.QuickConnection.select(QuickConnection.java:139)
	at org.quickjava.orm.drive.Drive.executeSql(Drive.java:222)
	at org.quickjava.orm.drive.Drive.executeSql(Drive.java:188)
	at org.quickjava.orm.query.QuerySet.executeSql(QuerySet.java:550)
	at org.quickjava.orm.query.QuerySet.count(QuerySet.java:619)
	at org.quickjava.orm.query.QuerySet.count(QuerySet.java:596)
	at org.quickjava.orm.query.QuerySet.pagination(QuerySet.java:575)
	at org.quickjava.orm.query.QuerySet.pagination(QuerySet.java:587)
	at org.quickjava.orm.wrapper.AbstractModelWrapper.pagination(AbstractModelWrapper.java:275)
	at org.quickjava.orm.wrapper.AbstractModelWrapper.pagination(AbstractModelWrapper.java:282)
	at org.quickjava.spring.TestModelJoin.test1(TestModelJoin.java:81)
	at sun.reflect.NativeMethodAccessorImpl.invoke0(Native Method)
	at sun.reflect.NativeMethodAccessorImpl.invoke(NativeMethodAccessorImpl.java:62)
	at sun.reflect.DelegatingMethodAccessorImpl.invoke(DelegatingMethodAccessorImpl.java:43)
	at java.lang.reflect.Method.invoke(Method.java:498)
	at org.junit.runners.model.FrameworkMethod$1.runReflectiveCall(FrameworkMethod.java:50)
	at org.junit.internal.runners.model.ReflectiveCallable.run(ReflectiveCallable.java:12)
	at org.junit.runners.model.FrameworkMethod.invokeExplosively(FrameworkMethod.java:47)
	at org.junit.internal.runners.statements.InvokeMethod.evaluate(InvokeMethod.java:17)
	at org.springframework.test.context.junit4.statements.RunBeforeTestExecutionCallbacks.evaluate(RunBeforeTestExecutionCallbacks.java:74)
	at org.springframework.test.context.junit4.statements.RunAfterTestExecutionCallbacks.evaluate(RunAfterTestExecutionCallbacks.java:84)
	at org.springframework.test.context.junit4.statements.RunBeforeTestMethodCallbacks.evaluate(RunBeforeTestMethodCallbacks.java:75)
	at org.springframework.test.context.junit4.statements.RunAfterTestMethodCallbacks.evaluate(RunAfterTestMethodCallbacks.java:86)
	at org.springframework.test.context.junit4.statements.SpringRepeat.evaluate(SpringRepeat.java:84)
	at org.junit.runners.ParentRunner.runLeaf(ParentRunner.java:325)
	at org.springframework.test.context.junit4.SpringJUnit4ClassRunner.runChild(SpringJUnit4ClassRunner.java:251)
	at org.springframework.test.context.junit4.SpringJUnit4ClassRunner.runChild(SpringJUnit4ClassRunner.java:97)
	at org.junit.runners.ParentRunner$3.run(ParentRunner.java:290)
	at org.junit.runners.ParentRunner$1.schedule(ParentRunner.java:71)
	at org.junit.runners.ParentRunner.runChildren(ParentRunner.java:288)
	at org.junit.runners.ParentRunner.access$000(ParentRunner.java:58)
	at org.junit.runners.ParentRunner$2.evaluate(ParentRunner.java:268)
	at org.springframework.test.context.junit4.statements.RunBeforeTestClassCallbacks.evaluate(RunBeforeTestClassCallbacks.java:61)
	at org.springframework.test.context.junit4.statements.RunAfterTestClassCallbacks.evaluate(RunAfterTestClassCallbacks.java:70)
	at org.junit.runners.ParentRunner.run(ParentRunner.java:363)
	at org.springframework.test.context.junit4.SpringJUnit4ClassRunner.run(SpringJUnit4ClassRunner.java:190)
	at org.junit.runner.JUnitCore.run(JUnitCore.java:137)
	at com.intellij.junit4.JUnit4IdeaTestRunner.startRunnerWithArgs(JUnit4IdeaTestRunner.java:69)
	at com.intellij.rt.junit.IdeaTestRunner$Repeater$1.execute(IdeaTestRunner.java:38)
	at com.intellij.rt.execution.junit.TestsRepeater.repeat(TestsRepeater.java:11)
	at com.intellij.rt.junit.IdeaTestRunner$Repeater.startRunnerWithArgs(IdeaTestRunner.java:35)
	at com.intellij.rt.junit.JUnitStarter.prepareStreamsAndStart(JUnitStarter.java:232)
	at com.intellij.rt.junit.JUnitStarter.main(JUnitStarter.java:55)
11:43:50.384 [main] ERROR o.q.orm.drive.Drive - [executeSql,240] - SQL execution 63.1531ms: SELECT COUNT(*) FROM sso_app_favorite LEFT JOIN SysApp app ON app.app_id = sso_app_favorite.app_id LEFT JOIN SysApp app2 ON app2.app_id = sso_app_favorite.app_id LEFT JOIN SysApp aliasApp01 ON aliasApp01.app_id = sso_app_favorite.app_id LEFT JOIN SysApp app3 ON app3.app_id = sso_app_favorite.app_id AND app3.open = 1 AND app3.name IS NOT NULL LEFT JOIN SysAppLatest sso_app_favorite ON sso_app_favorite.app_id = sso_app_favorite.app_id LEFT JOIN SysAppLatest testAppInfo ON testAppInfo.app_id = sso_app_favorite.app_id WHERE sso_app_favorite.`user_id` = 1 AND sso_app_favorite.`user_id` != 0 AND app.`app_id` = 1 AND app.`app_id` = 1 AND testAppInfo.`app_id` = 1 AND aliasApp01.`app_id` = 1 AND app3.`app_id` = 1
11:44:20.729 [main] ERROR o.q.orm.drive.Drive - [executeSql,229] - SQL execution error:Not unique table/alias: 'sso_app_favorite'
java.sql.SQLSyntaxErrorException: Not unique table/alias: 'sso_app_favorite'
	at com.mysql.cj.jdbc.exceptions.SQLError.createSQLException(SQLError.java:120)
	at com.mysql.cj.jdbc.exceptions.SQLExceptionsMapping.translateException(SQLExceptionsMapping.java:122)
	at com.mysql.cj.jdbc.StatementImpl.executeQuery(StatementImpl.java:1200)
	at com.alibaba.druid.pool.DruidPooledStatement.executeQuery(DruidPooledStatement.java:300)
	at org.quickjava.orm.drive.QuickConnection.select(QuickConnection.java:139)
	at org.quickjava.orm.drive.Drive.executeSql(Drive.java:222)
	at org.quickjava.orm.drive.Drive.executeSql(Drive.java:188)
	at org.quickjava.orm.query.QuerySet.executeSql(QuerySet.java:550)
	at org.quickjava.orm.query.QuerySet.count(QuerySet.java:619)
	at org.quickjava.orm.query.QuerySet.count(QuerySet.java:596)
	at org.quickjava.orm.query.QuerySet.pagination(QuerySet.java:575)
	at org.quickjava.orm.query.QuerySet.pagination(QuerySet.java:587)
	at org.quickjava.orm.wrapper.AbstractModelWrapper.pagination(AbstractModelWrapper.java:275)
	at org.quickjava.orm.wrapper.AbstractModelWrapper.pagination(AbstractModelWrapper.java:282)
	at org.quickjava.spring.TestModelJoin.test1(TestModelJoin.java:81)
	at sun.reflect.NativeMethodAccessorImpl.invoke0(Native Method)
	at sun.reflect.NativeMethodAccessorImpl.invoke(NativeMethodAccessorImpl.java:62)
	at sun.reflect.DelegatingMethodAccessorImpl.invoke(DelegatingMethodAccessorImpl.java:43)
	at java.lang.reflect.Method.invoke(Method.java:498)
	at org.junit.runners.model.FrameworkMethod$1.runReflectiveCall(FrameworkMethod.java:50)
	at org.junit.internal.runners.model.ReflectiveCallable.run(ReflectiveCallable.java:12)
	at org.junit.runners.model.FrameworkMethod.invokeExplosively(FrameworkMethod.java:47)
	at org.junit.internal.runners.statements.InvokeMethod.evaluate(InvokeMethod.java:17)
	at org.springframework.test.context.junit4.statements.RunBeforeTestExecutionCallbacks.evaluate(RunBeforeTestExecutionCallbacks.java:74)
	at org.springframework.test.context.junit4.statements.RunAfterTestExecutionCallbacks.evaluate(RunAfterTestExecutionCallbacks.java:84)
	at org.springframework.test.context.junit4.statements.RunBeforeTestMethodCallbacks.evaluate(RunBeforeTestMethodCallbacks.java:75)
	at org.springframework.test.context.junit4.statements.RunAfterTestMethodCallbacks.evaluate(RunAfterTestMethodCallbacks.java:86)
	at org.springframework.test.context.junit4.statements.SpringRepeat.evaluate(SpringRepeat.java:84)
	at org.junit.runners.ParentRunner.runLeaf(ParentRunner.java:325)
	at org.springframework.test.context.junit4.SpringJUnit4ClassRunner.runChild(SpringJUnit4ClassRunner.java:251)
	at org.springframework.test.context.junit4.SpringJUnit4ClassRunner.runChild(SpringJUnit4ClassRunner.java:97)
	at org.junit.runners.ParentRunner$3.run(ParentRunner.java:290)
	at org.junit.runners.ParentRunner$1.schedule(ParentRunner.java:71)
	at org.junit.runners.ParentRunner.runChildren(ParentRunner.java:288)
	at org.junit.runners.ParentRunner.access$000(ParentRunner.java:58)
	at org.junit.runners.ParentRunner$2.evaluate(ParentRunner.java:268)
	at org.springframework.test.context.junit4.statements.RunBeforeTestClassCallbacks.evaluate(RunBeforeTestClassCallbacks.java:61)
	at org.springframework.test.context.junit4.statements.RunAfterTestClassCallbacks.evaluate(RunAfterTestClassCallbacks.java:70)
	at org.junit.runners.ParentRunner.run(ParentRunner.java:363)
	at org.springframework.test.context.junit4.SpringJUnit4ClassRunner.run(SpringJUnit4ClassRunner.java:190)
	at org.junit.runner.JUnitCore.run(JUnitCore.java:137)
	at com.intellij.junit4.JUnit4IdeaTestRunner.startRunnerWithArgs(JUnit4IdeaTestRunner.java:69)
	at com.intellij.rt.junit.IdeaTestRunner$Repeater$1.execute(IdeaTestRunner.java:38)
	at com.intellij.rt.execution.junit.TestsRepeater.repeat(TestsRepeater.java:11)
	at com.intellij.rt.junit.IdeaTestRunner$Repeater.startRunnerWithArgs(IdeaTestRunner.java:35)
	at com.intellij.rt.junit.JUnitStarter.prepareStreamsAndStart(JUnitStarter.java:232)
	at com.intellij.rt.junit.JUnitStarter.main(JUnitStarter.java:55)
11:44:20.729 [main] ERROR o.q.orm.drive.Drive - [executeSql,240] - SQL execution 63.5638ms: SELECT COUNT(*) FROM sso_app_favorite LEFT JOIN SysApp app ON app.app_id = sso_app_favorite.app_id LEFT JOIN SysApp app2 ON app2.app_id = sso_app_favorite.app_id LEFT JOIN SysApp aliasApp01 ON aliasApp01.app_id = sso_app_favorite.app_id LEFT JOIN SysApp app3 ON app3.app_id = sso_app_favorite.app_id AND app3.open = 1 AND app3.name IS NOT NULL LEFT JOIN SysAppLatest sso_app_favorite ON sso_app_favorite.app_id = sso_app_favorite.app_id LEFT JOIN SysAppLatest testAppInfo ON testAppInfo.app_id = sso_app_favorite.app_id WHERE sso_app_favorite.`user_id` = 1 AND sso_app_favorite.`user_id` != 0 AND app.`app_id` = 1 AND app.`app_id` = 1 AND testAppInfo.`app_id` = 1 AND aliasApp01.`app_id` = 1 AND app3.`app_id` = 1
11:51:31.766 [main] ERROR o.q.orm.drive.Drive - [executeSql,229] - SQL execution error:Not unique table/alias: 'sso_app_favorite'
java.sql.SQLSyntaxErrorException: Not unique table/alias: 'sso_app_favorite'
	at com.mysql.cj.jdbc.exceptions.SQLError.createSQLException(SQLError.java:120)
	at com.mysql.cj.jdbc.exceptions.SQLExceptionsMapping.translateException(SQLExceptionsMapping.java:122)
	at com.mysql.cj.jdbc.StatementImpl.executeQuery(StatementImpl.java:1200)
	at com.alibaba.druid.pool.DruidPooledStatement.executeQuery(DruidPooledStatement.java:300)
	at org.quickjava.orm.drive.QuickConnection.select(QuickConnection.java:139)
	at org.quickjava.orm.drive.Drive.executeSql(Drive.java:222)
	at org.quickjava.orm.drive.Drive.executeSql(Drive.java:188)
	at org.quickjava.orm.query.QuerySet.executeSql(QuerySet.java:550)
	at org.quickjava.orm.query.QuerySet.count(QuerySet.java:619)
	at org.quickjava.orm.query.QuerySet.count(QuerySet.java:596)
	at org.quickjava.orm.query.QuerySet.pagination(QuerySet.java:575)
	at org.quickjava.orm.query.QuerySet.pagination(QuerySet.java:587)
	at org.quickjava.orm.wrapper.AbstractModelWrapper.pagination(AbstractModelWrapper.java:275)
	at org.quickjava.orm.wrapper.AbstractModelWrapper.pagination(AbstractModelWrapper.java:282)
	at org.quickjava.spring.TestModelJoin.test1(TestModelJoin.java:81)
	at sun.reflect.NativeMethodAccessorImpl.invoke0(Native Method)
	at sun.reflect.NativeMethodAccessorImpl.invoke(NativeMethodAccessorImpl.java:62)
	at sun.reflect.DelegatingMethodAccessorImpl.invoke(DelegatingMethodAccessorImpl.java:43)
	at java.lang.reflect.Method.invoke(Method.java:498)
	at org.junit.runners.model.FrameworkMethod$1.runReflectiveCall(FrameworkMethod.java:50)
	at org.junit.internal.runners.model.ReflectiveCallable.run(ReflectiveCallable.java:12)
	at org.junit.runners.model.FrameworkMethod.invokeExplosively(FrameworkMethod.java:47)
	at org.junit.internal.runners.statements.InvokeMethod.evaluate(InvokeMethod.java:17)
	at org.springframework.test.context.junit4.statements.RunBeforeTestExecutionCallbacks.evaluate(RunBeforeTestExecutionCallbacks.java:74)
	at org.springframework.test.context.junit4.statements.RunAfterTestExecutionCallbacks.evaluate(RunAfterTestExecutionCallbacks.java:84)
	at org.springframework.test.context.junit4.statements.RunBeforeTestMethodCallbacks.evaluate(RunBeforeTestMethodCallbacks.java:75)
	at org.springframework.test.context.junit4.statements.RunAfterTestMethodCallbacks.evaluate(RunAfterTestMethodCallbacks.java:86)
	at org.springframework.test.context.junit4.statements.SpringRepeat.evaluate(SpringRepeat.java:84)
	at org.junit.runners.ParentRunner.runLeaf(ParentRunner.java:325)
	at org.springframework.test.context.junit4.SpringJUnit4ClassRunner.runChild(SpringJUnit4ClassRunner.java:251)
	at org.springframework.test.context.junit4.SpringJUnit4ClassRunner.runChild(SpringJUnit4ClassRunner.java:97)
	at org.junit.runners.ParentRunner$3.run(ParentRunner.java:290)
	at org.junit.runners.ParentRunner$1.schedule(ParentRunner.java:71)
	at org.junit.runners.ParentRunner.runChildren(ParentRunner.java:288)
	at org.junit.runners.ParentRunner.access$000(ParentRunner.java:58)
	at org.junit.runners.ParentRunner$2.evaluate(ParentRunner.java:268)
	at org.springframework.test.context.junit4.statements.RunBeforeTestClassCallbacks.evaluate(RunBeforeTestClassCallbacks.java:61)
	at org.springframework.test.context.junit4.statements.RunAfterTestClassCallbacks.evaluate(RunAfterTestClassCallbacks.java:70)
	at org.junit.runners.ParentRunner.run(ParentRunner.java:363)
	at org.springframework.test.context.junit4.SpringJUnit4ClassRunner.run(SpringJUnit4ClassRunner.java:190)
	at org.junit.runner.JUnitCore.run(JUnitCore.java:137)
	at com.intellij.junit4.JUnit4IdeaTestRunner.startRunnerWithArgs(JUnit4IdeaTestRunner.java:69)
	at com.intellij.rt.junit.IdeaTestRunner$Repeater$1.execute(IdeaTestRunner.java:38)
	at com.intellij.rt.execution.junit.TestsRepeater.repeat(TestsRepeater.java:11)
	at com.intellij.rt.junit.IdeaTestRunner$Repeater.startRunnerWithArgs(IdeaTestRunner.java:35)
	at com.intellij.rt.junit.JUnitStarter.prepareStreamsAndStart(JUnitStarter.java:232)
	at com.intellij.rt.junit.JUnitStarter.main(JUnitStarter.java:55)
11:51:31.766 [main] ERROR o.q.orm.drive.Drive - [executeSql,240] - SQL execution 62.6768ms: SELECT COUNT(*) FROM sso_app_favorite LEFT JOIN SysApp app ON app.app_id = sso_app_favorite.app_id LEFT JOIN SysApp app2 ON app2.app_id = sso_app_favorite.app_id LEFT JOIN SysApp aliasApp01 ON aliasApp01.app_id = sso_app_favorite.app_id LEFT JOIN SysApp app3 ON app3.app_id = sso_app_favorite.app_id AND app3.open = 1 AND app3.name IS NOT NULL LEFT JOIN SysAppLatest sso_app_favorite ON sso_app_favorite.app_id = sso_app_favorite.app_id LEFT JOIN SysAppLatest testAppInfo ON testAppInfo.app_id = sso_app_favorite.app_id WHERE sso_app_favorite.`user_id` = 1 AND sso_app_favorite.`user_id` != 0 AND app.`app_id` = 1 AND app.`app_id` = 1 AND testAppInfo.`app_id` = 1 AND aliasApp01.`app_id` = 1 AND app3.`app_id` = 1
11:52:27.845 [main] ERROR o.q.orm.drive.Drive - [executeSql,229] - SQL execution error:Not unique table/alias: 'sso_app_favorite'
java.sql.SQLSyntaxErrorException: Not unique table/alias: 'sso_app_favorite'
	at com.mysql.cj.jdbc.exceptions.SQLError.createSQLException(SQLError.java:120)
	at com.mysql.cj.jdbc.exceptions.SQLExceptionsMapping.translateException(SQLExceptionsMapping.java:122)
	at com.mysql.cj.jdbc.StatementImpl.executeQuery(StatementImpl.java:1200)
	at com.alibaba.druid.pool.DruidPooledStatement.executeQuery(DruidPooledStatement.java:300)
	at org.quickjava.orm.drive.QuickConnection.select(QuickConnection.java:139)
	at org.quickjava.orm.drive.Drive.executeSql(Drive.java:222)
	at org.quickjava.orm.drive.Drive.executeSql(Drive.java:188)
	at org.quickjava.orm.query.QuerySet.executeSql(QuerySet.java:550)
	at org.quickjava.orm.query.QuerySet.count(QuerySet.java:619)
	at org.quickjava.orm.query.QuerySet.count(QuerySet.java:596)
	at org.quickjava.orm.query.QuerySet.pagination(QuerySet.java:575)
	at org.quickjava.orm.query.QuerySet.pagination(QuerySet.java:587)
	at org.quickjava.orm.wrapper.AbstractModelWrapper.pagination(AbstractModelWrapper.java:275)
	at org.quickjava.orm.wrapper.AbstractModelWrapper.pagination(AbstractModelWrapper.java:282)
	at org.quickjava.spring.TestModelJoin.test1(TestModelJoin.java:81)
	at sun.reflect.NativeMethodAccessorImpl.invoke0(Native Method)
	at sun.reflect.NativeMethodAccessorImpl.invoke(NativeMethodAccessorImpl.java:62)
	at sun.reflect.DelegatingMethodAccessorImpl.invoke(DelegatingMethodAccessorImpl.java:43)
	at java.lang.reflect.Method.invoke(Method.java:498)
	at org.junit.runners.model.FrameworkMethod$1.runReflectiveCall(FrameworkMethod.java:50)
	at org.junit.internal.runners.model.ReflectiveCallable.run(ReflectiveCallable.java:12)
	at org.junit.runners.model.FrameworkMethod.invokeExplosively(FrameworkMethod.java:47)
	at org.junit.internal.runners.statements.InvokeMethod.evaluate(InvokeMethod.java:17)
	at org.springframework.test.context.junit4.statements.RunBeforeTestExecutionCallbacks.evaluate(RunBeforeTestExecutionCallbacks.java:74)
	at org.springframework.test.context.junit4.statements.RunAfterTestExecutionCallbacks.evaluate(RunAfterTestExecutionCallbacks.java:84)
	at org.springframework.test.context.junit4.statements.RunBeforeTestMethodCallbacks.evaluate(RunBeforeTestMethodCallbacks.java:75)
	at org.springframework.test.context.junit4.statements.RunAfterTestMethodCallbacks.evaluate(RunAfterTestMethodCallbacks.java:86)
	at org.springframework.test.context.junit4.statements.SpringRepeat.evaluate(SpringRepeat.java:84)
	at org.junit.runners.ParentRunner.runLeaf(ParentRunner.java:325)
	at org.springframework.test.context.junit4.SpringJUnit4ClassRunner.runChild(SpringJUnit4ClassRunner.java:251)
	at org.springframework.test.context.junit4.SpringJUnit4ClassRunner.runChild(SpringJUnit4ClassRunner.java:97)
	at org.junit.runners.ParentRunner$3.run(ParentRunner.java:290)
	at org.junit.runners.ParentRunner$1.schedule(ParentRunner.java:71)
	at org.junit.runners.ParentRunner.runChildren(ParentRunner.java:288)
	at org.junit.runners.ParentRunner.access$000(ParentRunner.java:58)
	at org.junit.runners.ParentRunner$2.evaluate(ParentRunner.java:268)
	at org.springframework.test.context.junit4.statements.RunBeforeTestClassCallbacks.evaluate(RunBeforeTestClassCallbacks.java:61)
	at org.springframework.test.context.junit4.statements.RunAfterTestClassCallbacks.evaluate(RunAfterTestClassCallbacks.java:70)
	at org.junit.runners.ParentRunner.run(ParentRunner.java:363)
	at org.springframework.test.context.junit4.SpringJUnit4ClassRunner.run(SpringJUnit4ClassRunner.java:190)
	at org.junit.runner.JUnitCore.run(JUnitCore.java:137)
	at com.intellij.junit4.JUnit4IdeaTestRunner.startRunnerWithArgs(JUnit4IdeaTestRunner.java:69)
	at com.intellij.rt.junit.IdeaTestRunner$Repeater$1.execute(IdeaTestRunner.java:38)
	at com.intellij.rt.execution.junit.TestsRepeater.repeat(TestsRepeater.java:11)
	at com.intellij.rt.junit.IdeaTestRunner$Repeater.startRunnerWithArgs(IdeaTestRunner.java:35)
	at com.intellij.rt.junit.JUnitStarter.prepareStreamsAndStart(JUnitStarter.java:232)
	at com.intellij.rt.junit.JUnitStarter.main(JUnitStarter.java:55)
11:52:27.845 [main] ERROR o.q.orm.drive.Drive - [executeSql,240] - SQL execution 64.7302ms: SELECT COUNT(*) FROM sso_app_favorite LEFT JOIN SysApp app ON app.app_id = sso_app_favorite.app_id LEFT JOIN SysApp app2 ON app2.app_id = sso_app_favorite.app_id LEFT JOIN SysApp aliasApp01 ON aliasApp01.app_id = sso_app_favorite.app_id LEFT JOIN SysApp app3 ON app3.app_id = sso_app_favorite.app_id AND app3.open = 1 AND app3.name IS NOT NULL LEFT JOIN SysAppLatest sso_app_favorite ON sso_app_favorite.app_id = sso_app_favorite.app_id LEFT JOIN SysAppLatest testAppInfo ON testAppInfo.app_id = sso_app_favorite.app_id WHERE sso_app_favorite.`user_id` = 1 AND sso_app_favorite.`user_id` != 0 AND app.`app_id` = 1 AND app.`app_id` = 1 AND testAppInfo.`app_id` = 1 AND aliasApp01.`app_id` = 1 AND app3.`app_id` = 1
11:53:50.965 [main] ERROR o.q.orm.drive.Drive - [executeSql,229] - SQL execution error:Not unique table/alias: 'sso_app_favorite'
java.sql.SQLSyntaxErrorException: Not unique table/alias: 'sso_app_favorite'
	at com.mysql.cj.jdbc.exceptions.SQLError.createSQLException(SQLError.java:120)
	at com.mysql.cj.jdbc.exceptions.SQLExceptionsMapping.translateException(SQLExceptionsMapping.java:122)
	at com.mysql.cj.jdbc.StatementImpl.executeQuery(StatementImpl.java:1200)
	at com.alibaba.druid.pool.DruidPooledStatement.executeQuery(DruidPooledStatement.java:300)
	at org.quickjava.orm.drive.QuickConnection.select(QuickConnection.java:139)
	at org.quickjava.orm.drive.Drive.executeSql(Drive.java:222)
	at org.quickjava.orm.drive.Drive.executeSql(Drive.java:188)
	at org.quickjava.orm.query.QuerySet.executeSql(QuerySet.java:550)
	at org.quickjava.orm.query.QuerySet.count(QuerySet.java:619)
	at org.quickjava.orm.query.QuerySet.count(QuerySet.java:596)
	at org.quickjava.orm.query.QuerySet.pagination(QuerySet.java:575)
	at org.quickjava.orm.query.QuerySet.pagination(QuerySet.java:587)
	at org.quickjava.orm.wrapper.AbstractModelWrapper.pagination(AbstractModelWrapper.java:275)
	at org.quickjava.orm.wrapper.AbstractModelWrapper.pagination(AbstractModelWrapper.java:282)
	at org.quickjava.spring.TestModelJoin.test1(TestModelJoin.java:81)
	at sun.reflect.NativeMethodAccessorImpl.invoke0(Native Method)
	at sun.reflect.NativeMethodAccessorImpl.invoke(NativeMethodAccessorImpl.java:62)
	at sun.reflect.DelegatingMethodAccessorImpl.invoke(DelegatingMethodAccessorImpl.java:43)
	at java.lang.reflect.Method.invoke(Method.java:498)
	at org.junit.runners.model.FrameworkMethod$1.runReflectiveCall(FrameworkMethod.java:50)
	at org.junit.internal.runners.model.ReflectiveCallable.run(ReflectiveCallable.java:12)
	at org.junit.runners.model.FrameworkMethod.invokeExplosively(FrameworkMethod.java:47)
	at org.junit.internal.runners.statements.InvokeMethod.evaluate(InvokeMethod.java:17)
	at org.springframework.test.context.junit4.statements.RunBeforeTestExecutionCallbacks.evaluate(RunBeforeTestExecutionCallbacks.java:74)
	at org.springframework.test.context.junit4.statements.RunAfterTestExecutionCallbacks.evaluate(RunAfterTestExecutionCallbacks.java:84)
	at org.springframework.test.context.junit4.statements.RunBeforeTestMethodCallbacks.evaluate(RunBeforeTestMethodCallbacks.java:75)
	at org.springframework.test.context.junit4.statements.RunAfterTestMethodCallbacks.evaluate(RunAfterTestMethodCallbacks.java:86)
	at org.springframework.test.context.junit4.statements.SpringRepeat.evaluate(SpringRepeat.java:84)
	at org.junit.runners.ParentRunner.runLeaf(ParentRunner.java:325)
	at org.springframework.test.context.junit4.SpringJUnit4ClassRunner.runChild(SpringJUnit4ClassRunner.java:251)
	at org.springframework.test.context.junit4.SpringJUnit4ClassRunner.runChild(SpringJUnit4ClassRunner.java:97)
	at org.junit.runners.ParentRunner$3.run(ParentRunner.java:290)
	at org.junit.runners.ParentRunner$1.schedule(ParentRunner.java:71)
	at org.junit.runners.ParentRunner.runChildren(ParentRunner.java:288)
	at org.junit.runners.ParentRunner.access$000(ParentRunner.java:58)
	at org.junit.runners.ParentRunner$2.evaluate(ParentRunner.java:268)
	at org.springframework.test.context.junit4.statements.RunBeforeTestClassCallbacks.evaluate(RunBeforeTestClassCallbacks.java:61)
	at org.springframework.test.context.junit4.statements.RunAfterTestClassCallbacks.evaluate(RunAfterTestClassCallbacks.java:70)
	at org.junit.runners.ParentRunner.run(ParentRunner.java:363)
	at org.springframework.test.context.junit4.SpringJUnit4ClassRunner.run(SpringJUnit4ClassRunner.java:190)
	at org.junit.runner.JUnitCore.run(JUnitCore.java:137)
	at com.intellij.junit4.JUnit4IdeaTestRunner.startRunnerWithArgs(JUnit4IdeaTestRunner.java:69)
	at com.intellij.rt.junit.IdeaTestRunner$Repeater$1.execute(IdeaTestRunner.java:38)
	at com.intellij.rt.execution.junit.TestsRepeater.repeat(TestsRepeater.java:11)
	at com.intellij.rt.junit.IdeaTestRunner$Repeater.startRunnerWithArgs(IdeaTestRunner.java:35)
	at com.intellij.rt.junit.JUnitStarter.prepareStreamsAndStart(JUnitStarter.java:232)
	at com.intellij.rt.junit.JUnitStarter.main(JUnitStarter.java:55)
11:53:50.965 [main] ERROR o.q.orm.drive.Drive - [executeSql,240] - SQL execution 75.0391ms: SELECT COUNT(*) FROM sso_app_favorite LEFT JOIN SysApp app ON app.app_id = sso_app_favorite.app_id LEFT JOIN SysApp app2 ON app2.app_id = sso_app_favorite.app_id LEFT JOIN SysApp aliasApp01 ON aliasApp01.app_id = sso_app_favorite.app_id LEFT JOIN SysApp app3 ON app3.app_id = sso_app_favorite.app_id AND app3.open = 1 AND app3.name IS NOT NULL LEFT JOIN SysAppLatest sso_app_favorite ON sso_app_favorite.app_id = sso_app_favorite.app_id LEFT JOIN SysAppLatest testAppInfo ON testAppInfo.app_id = sso_app_favorite.app_id WHERE sso_app_favorite.`user_id` = 1 AND sso_app_favorite.`user_id` != 0 AND app.`app_id` = 1 AND app.`app_id` = 1 AND testAppInfo.`app_id` = 1 AND aliasApp01.`app_id` = 1 AND app3.`app_id` = 1
11:54:49.053 [main] ERROR o.q.orm.drive.Drive - [executeSql,229] - SQL execution error:Not unique table/alias: 'sso_app_favorite'
java.sql.SQLSyntaxErrorException: Not unique table/alias: 'sso_app_favorite'
	at com.mysql.cj.jdbc.exceptions.SQLError.createSQLException(SQLError.java:120)
	at com.mysql.cj.jdbc.exceptions.SQLExceptionsMapping.translateException(SQLExceptionsMapping.java:122)
	at com.mysql.cj.jdbc.StatementImpl.executeQuery(StatementImpl.java:1200)
	at com.alibaba.druid.pool.DruidPooledStatement.executeQuery(DruidPooledStatement.java:300)
	at org.quickjava.orm.drive.QuickConnection.select(QuickConnection.java:139)
	at org.quickjava.orm.drive.Drive.executeSql(Drive.java:222)
	at org.quickjava.orm.drive.Drive.executeSql(Drive.java:188)
	at org.quickjava.orm.query.QuerySet.executeSql(QuerySet.java:550)
	at org.quickjava.orm.query.QuerySet.count(QuerySet.java:619)
	at org.quickjava.orm.query.QuerySet.count(QuerySet.java:596)
	at org.quickjava.orm.query.QuerySet.pagination(QuerySet.java:575)
	at org.quickjava.orm.query.QuerySet.pagination(QuerySet.java:587)
	at org.quickjava.orm.wrapper.AbstractModelWrapper.pagination(AbstractModelWrapper.java:275)
	at org.quickjava.orm.wrapper.AbstractModelWrapper.pagination(AbstractModelWrapper.java:282)
	at org.quickjava.spring.TestModelJoin.test1(TestModelJoin.java:81)
	at sun.reflect.NativeMethodAccessorImpl.invoke0(Native Method)
	at sun.reflect.NativeMethodAccessorImpl.invoke(NativeMethodAccessorImpl.java:62)
	at sun.reflect.DelegatingMethodAccessorImpl.invoke(DelegatingMethodAccessorImpl.java:43)
	at java.lang.reflect.Method.invoke(Method.java:498)
	at org.junit.runners.model.FrameworkMethod$1.runReflectiveCall(FrameworkMethod.java:50)
	at org.junit.internal.runners.model.ReflectiveCallable.run(ReflectiveCallable.java:12)
	at org.junit.runners.model.FrameworkMethod.invokeExplosively(FrameworkMethod.java:47)
	at org.junit.internal.runners.statements.InvokeMethod.evaluate(InvokeMethod.java:17)
	at org.springframework.test.context.junit4.statements.RunBeforeTestExecutionCallbacks.evaluate(RunBeforeTestExecutionCallbacks.java:74)
	at org.springframework.test.context.junit4.statements.RunAfterTestExecutionCallbacks.evaluate(RunAfterTestExecutionCallbacks.java:84)
	at org.springframework.test.context.junit4.statements.RunBeforeTestMethodCallbacks.evaluate(RunBeforeTestMethodCallbacks.java:75)
	at org.springframework.test.context.junit4.statements.RunAfterTestMethodCallbacks.evaluate(RunAfterTestMethodCallbacks.java:86)
	at org.springframework.test.context.junit4.statements.SpringRepeat.evaluate(SpringRepeat.java:84)
	at org.junit.runners.ParentRunner.runLeaf(ParentRunner.java:325)
	at org.springframework.test.context.junit4.SpringJUnit4ClassRunner.runChild(SpringJUnit4ClassRunner.java:251)
	at org.springframework.test.context.junit4.SpringJUnit4ClassRunner.runChild(SpringJUnit4ClassRunner.java:97)
	at org.junit.runners.ParentRunner$3.run(ParentRunner.java:290)
	at org.junit.runners.ParentRunner$1.schedule(ParentRunner.java:71)
	at org.junit.runners.ParentRunner.runChildren(ParentRunner.java:288)
	at org.junit.runners.ParentRunner.access$000(ParentRunner.java:58)
	at org.junit.runners.ParentRunner$2.evaluate(ParentRunner.java:268)
	at org.springframework.test.context.junit4.statements.RunBeforeTestClassCallbacks.evaluate(RunBeforeTestClassCallbacks.java:61)
	at org.springframework.test.context.junit4.statements.RunAfterTestClassCallbacks.evaluate(RunAfterTestClassCallbacks.java:70)
	at org.junit.runners.ParentRunner.run(ParentRunner.java:363)
	at org.springframework.test.context.junit4.SpringJUnit4ClassRunner.run(SpringJUnit4ClassRunner.java:190)
	at org.junit.runner.JUnitCore.run(JUnitCore.java:137)
	at com.intellij.junit4.JUnit4IdeaTestRunner.startRunnerWithArgs(JUnit4IdeaTestRunner.java:69)
	at com.intellij.rt.junit.IdeaTestRunner$Repeater$1.execute(IdeaTestRunner.java:38)
	at com.intellij.rt.execution.junit.TestsRepeater.repeat(TestsRepeater.java:11)
	at com.intellij.rt.junit.IdeaTestRunner$Repeater.startRunnerWithArgs(IdeaTestRunner.java:35)
	at com.intellij.rt.junit.JUnitStarter.prepareStreamsAndStart(JUnitStarter.java:232)
	at com.intellij.rt.junit.JUnitStarter.main(JUnitStarter.java:55)
11:54:49.054 [main] ERROR o.q.orm.drive.Drive - [executeSql,240] - SQL execution 76.2424ms: SELECT COUNT(*) FROM sso_app_favorite LEFT JOIN SysApp app ON app.app_id = sso_app_favorite.app_id LEFT JOIN SysApp app2 ON app2.app_id = sso_app_favorite.app_id LEFT JOIN SysApp aliasApp01 ON aliasApp01.app_id = sso_app_favorite.app_id LEFT JOIN SysApp app3 ON app3.app_id = sso_app_favorite.app_id AND app3.open = 1 AND app3.name IS NOT NULL LEFT JOIN SysAppLatest sso_app_favorite ON sso_app_favorite.app_id = sso_app_favorite.app_id LEFT JOIN SysAppLatest testAppInfo ON testAppInfo.app_id = sso_app_favorite.app_id WHERE sso_app_favorite.`user_id` = 1 AND sso_app_favorite.`user_id` != 0 AND app.`app_id` = 1 AND app.`app_id` = 1 AND testAppInfo.`app_id` = 1 AND aliasApp01.`app_id` = 1 AND app3.`app_id` = 1
11:58:09.615 [main] ERROR o.q.orm.drive.Drive - [executeSql,229] - SQL execution error:Not unique table/alias: 'sso_app_favorite'
java.sql.SQLSyntaxErrorException: Not unique table/alias: 'sso_app_favorite'
	at com.mysql.cj.jdbc.exceptions.SQLError.createSQLException(SQLError.java:120)
	at com.mysql.cj.jdbc.exceptions.SQLExceptionsMapping.translateException(SQLExceptionsMapping.java:122)
	at com.mysql.cj.jdbc.StatementImpl.executeQuery(StatementImpl.java:1200)
	at com.alibaba.druid.pool.DruidPooledStatement.executeQuery(DruidPooledStatement.java:300)
	at org.quickjava.orm.drive.QuickConnection.select(QuickConnection.java:139)
	at org.quickjava.orm.drive.Drive.executeSql(Drive.java:222)
	at org.quickjava.orm.drive.Drive.executeSql(Drive.java:188)
	at org.quickjava.orm.query.QuerySet.executeSql(QuerySet.java:550)
	at org.quickjava.orm.query.QuerySet.count(QuerySet.java:619)
	at org.quickjava.orm.query.QuerySet.count(QuerySet.java:596)
	at org.quickjava.orm.query.QuerySet.pagination(QuerySet.java:575)
	at org.quickjava.orm.query.QuerySet.pagination(QuerySet.java:587)
	at org.quickjava.orm.wrapper.AbstractModelWrapper.pagination(AbstractModelWrapper.java:275)
	at org.quickjava.orm.wrapper.AbstractModelWrapper.pagination(AbstractModelWrapper.java:282)
	at org.quickjava.spring.TestModelJoin.test1(TestModelJoin.java:81)
	at sun.reflect.NativeMethodAccessorImpl.invoke0(Native Method)
	at sun.reflect.NativeMethodAccessorImpl.invoke(NativeMethodAccessorImpl.java:62)
	at sun.reflect.DelegatingMethodAccessorImpl.invoke(DelegatingMethodAccessorImpl.java:43)
	at java.lang.reflect.Method.invoke(Method.java:498)
	at org.junit.runners.model.FrameworkMethod$1.runReflectiveCall(FrameworkMethod.java:50)
	at org.junit.internal.runners.model.ReflectiveCallable.run(ReflectiveCallable.java:12)
	at org.junit.runners.model.FrameworkMethod.invokeExplosively(FrameworkMethod.java:47)
	at org.junit.internal.runners.statements.InvokeMethod.evaluate(InvokeMethod.java:17)
	at org.springframework.test.context.junit4.statements.RunBeforeTestExecutionCallbacks.evaluate(RunBeforeTestExecutionCallbacks.java:74)
	at org.springframework.test.context.junit4.statements.RunAfterTestExecutionCallbacks.evaluate(RunAfterTestExecutionCallbacks.java:84)
	at org.springframework.test.context.junit4.statements.RunBeforeTestMethodCallbacks.evaluate(RunBeforeTestMethodCallbacks.java:75)
	at org.springframework.test.context.junit4.statements.RunAfterTestMethodCallbacks.evaluate(RunAfterTestMethodCallbacks.java:86)
	at org.springframework.test.context.junit4.statements.SpringRepeat.evaluate(SpringRepeat.java:84)
	at org.junit.runners.ParentRunner.runLeaf(ParentRunner.java:325)
	at org.springframework.test.context.junit4.SpringJUnit4ClassRunner.runChild(SpringJUnit4ClassRunner.java:251)
	at org.springframework.test.context.junit4.SpringJUnit4ClassRunner.runChild(SpringJUnit4ClassRunner.java:97)
	at org.junit.runners.ParentRunner$3.run(ParentRunner.java:290)
	at org.junit.runners.ParentRunner$1.schedule(ParentRunner.java:71)
	at org.junit.runners.ParentRunner.runChildren(ParentRunner.java:288)
	at org.junit.runners.ParentRunner.access$000(ParentRunner.java:58)
	at org.junit.runners.ParentRunner$2.evaluate(ParentRunner.java:268)
	at org.springframework.test.context.junit4.statements.RunBeforeTestClassCallbacks.evaluate(RunBeforeTestClassCallbacks.java:61)
	at org.springframework.test.context.junit4.statements.RunAfterTestClassCallbacks.evaluate(RunAfterTestClassCallbacks.java:70)
	at org.junit.runners.ParentRunner.run(ParentRunner.java:363)
	at org.springframework.test.context.junit4.SpringJUnit4ClassRunner.run(SpringJUnit4ClassRunner.java:190)
	at org.junit.runner.JUnitCore.run(JUnitCore.java:137)
	at com.intellij.junit4.JUnit4IdeaTestRunner.startRunnerWithArgs(JUnit4IdeaTestRunner.java:69)
	at com.intellij.rt.junit.IdeaTestRunner$Repeater$1.execute(IdeaTestRunner.java:38)
	at com.intellij.rt.execution.junit.TestsRepeater.repeat(TestsRepeater.java:11)
	at com.intellij.rt.junit.IdeaTestRunner$Repeater.startRunnerWithArgs(IdeaTestRunner.java:35)
	at com.intellij.rt.junit.JUnitStarter.prepareStreamsAndStart(JUnitStarter.java:232)
	at com.intellij.rt.junit.JUnitStarter.main(JUnitStarter.java:55)
11:58:09.616 [main] ERROR o.q.orm.drive.Drive - [executeSql,240] - SQL execution 68.9037ms: SELECT COUNT(*) FROM sso_app_favorite LEFT JOIN sys_app app ON app.app_id = sso_app_favorite.app_id LEFT JOIN sys_app app2 ON app2.app_id = sso_app_favorite.app_id LEFT JOIN sys_app aliasApp01 ON aliasApp01.app_id = sso_app_favorite.app_id LEFT JOIN sys_app app3 ON app3.app_id = sso_app_favorite.app_id AND app3.open = 1 AND app3.name IS NOT NULL LEFT JOIN sso_app_favorite ON sso_app_favorite.app_id = sso_app_favorite.app_id LEFT JOIN sso_app_favorite testAppInfo ON testAppInfo.app_id = sso_app_favorite.app_id WHERE sso_app_favorite.`user_id` = 1 AND sso_app_favorite.`user_id` != 0 AND app.`app_id` = 1 AND app.`app_id` = 1 AND testAppInfo.`app_id` = 1 AND aliasApp01.`app_id` = 1 AND app3.`app_id` = 1
12:04:00.991 [main] ERROR o.q.orm.drive.Drive - [executeSql,229] - SQL execution error:Not unique table/alias: 'sso_app_favorite'
java.sql.SQLSyntaxErrorException: Not unique table/alias: 'sso_app_favorite'
	at com.mysql.cj.jdbc.exceptions.SQLError.createSQLException(SQLError.java:120)
	at com.mysql.cj.jdbc.exceptions.SQLExceptionsMapping.translateException(SQLExceptionsMapping.java:122)
	at com.mysql.cj.jdbc.StatementImpl.executeQuery(StatementImpl.java:1200)
	at com.alibaba.druid.pool.DruidPooledStatement.executeQuery(DruidPooledStatement.java:300)
	at org.quickjava.orm.drive.QuickConnection.select(QuickConnection.java:139)
	at org.quickjava.orm.drive.Drive.executeSql(Drive.java:222)
	at org.quickjava.orm.drive.Drive.executeSql(Drive.java:188)
	at org.quickjava.orm.query.QuerySet.executeSql(QuerySet.java:550)
	at org.quickjava.orm.query.QuerySet.count(QuerySet.java:619)
	at org.quickjava.orm.query.QuerySet.count(QuerySet.java:596)
	at org.quickjava.orm.query.QuerySet.pagination(QuerySet.java:575)
	at org.quickjava.orm.query.QuerySet.pagination(QuerySet.java:587)
	at org.quickjava.orm.wrapper.AbstractModelWrapper.pagination(AbstractModelWrapper.java:275)
	at org.quickjava.orm.wrapper.AbstractModelWrapper.pagination(AbstractModelWrapper.java:282)
	at org.quickjava.spring.TestModelJoin.test1(TestModelJoin.java:81)
	at sun.reflect.NativeMethodAccessorImpl.invoke0(Native Method)
	at sun.reflect.NativeMethodAccessorImpl.invoke(NativeMethodAccessorImpl.java:62)
	at sun.reflect.DelegatingMethodAccessorImpl.invoke(DelegatingMethodAccessorImpl.java:43)
	at java.lang.reflect.Method.invoke(Method.java:498)
	at org.junit.runners.model.FrameworkMethod$1.runReflectiveCall(FrameworkMethod.java:50)
	at org.junit.internal.runners.model.ReflectiveCallable.run(ReflectiveCallable.java:12)
	at org.junit.runners.model.FrameworkMethod.invokeExplosively(FrameworkMethod.java:47)
	at org.junit.internal.runners.statements.InvokeMethod.evaluate(InvokeMethod.java:17)
	at org.springframework.test.context.junit4.statements.RunBeforeTestExecutionCallbacks.evaluate(RunBeforeTestExecutionCallbacks.java:74)
	at org.springframework.test.context.junit4.statements.RunAfterTestExecutionCallbacks.evaluate(RunAfterTestExecutionCallbacks.java:84)
	at org.springframework.test.context.junit4.statements.RunBeforeTestMethodCallbacks.evaluate(RunBeforeTestMethodCallbacks.java:75)
	at org.springframework.test.context.junit4.statements.RunAfterTestMethodCallbacks.evaluate(RunAfterTestMethodCallbacks.java:86)
	at org.springframework.test.context.junit4.statements.SpringRepeat.evaluate(SpringRepeat.java:84)
	at org.junit.runners.ParentRunner.runLeaf(ParentRunner.java:325)
	at org.springframework.test.context.junit4.SpringJUnit4ClassRunner.runChild(SpringJUnit4ClassRunner.java:251)
	at org.springframework.test.context.junit4.SpringJUnit4ClassRunner.runChild(SpringJUnit4ClassRunner.java:97)
	at org.junit.runners.ParentRunner$3.run(ParentRunner.java:290)
	at org.junit.runners.ParentRunner$1.schedule(ParentRunner.java:71)
	at org.junit.runners.ParentRunner.runChildren(ParentRunner.java:288)
	at org.junit.runners.ParentRunner.access$000(ParentRunner.java:58)
	at org.junit.runners.ParentRunner$2.evaluate(ParentRunner.java:268)
	at org.springframework.test.context.junit4.statements.RunBeforeTestClassCallbacks.evaluate(RunBeforeTestClassCallbacks.java:61)
	at org.springframework.test.context.junit4.statements.RunAfterTestClassCallbacks.evaluate(RunAfterTestClassCallbacks.java:70)
	at org.junit.runners.ParentRunner.run(ParentRunner.java:363)
	at org.springframework.test.context.junit4.SpringJUnit4ClassRunner.run(SpringJUnit4ClassRunner.java:190)
	at org.junit.runner.JUnitCore.run(JUnitCore.java:137)
	at com.intellij.junit4.JUnit4IdeaTestRunner.startRunnerWithArgs(JUnit4IdeaTestRunner.java:69)
	at com.intellij.rt.junit.IdeaTestRunner$Repeater$1.execute(IdeaTestRunner.java:38)
	at com.intellij.rt.execution.junit.TestsRepeater.repeat(TestsRepeater.java:11)
	at com.intellij.rt.junit.IdeaTestRunner$Repeater.startRunnerWithArgs(IdeaTestRunner.java:35)
	at com.intellij.rt.junit.JUnitStarter.prepareStreamsAndStart(JUnitStarter.java:232)
	at com.intellij.rt.junit.JUnitStarter.main(JUnitStarter.java:55)
12:04:00.991 [main] ERROR o.q.orm.drive.Drive - [executeSql,240] - SQL execution 75.6494ms: SELECT COUNT(*) FROM sso_app_favorite LEFT JOIN sys_app app ON app.app_id = sso_app_favorite.app_id LEFT JOIN sys_app app2 ON app2.app_id = sso_app_favorite.app_id LEFT JOIN sys_app aliasApp01 ON aliasApp01.app_id = sso_app_favorite.app_id LEFT JOIN sys_app app3 ON app3.app_id = sso_app_favorite.app_id AND app3.open = 1 AND app3.name IS NOT NULL LEFT JOIN sso_app_favorite ON sso_app_favorite.app_id = sso_app_favorite.app_id LEFT JOIN sso_app_favorite testAppInfo ON testAppInfo.app_id = sso_app_favorite.app_id WHERE sso_app_favorite.`user_id` = 1 AND sso_app_favorite.`user_id` != 0 AND app.`app_id` = 1 AND app.`app_id` = 1 AND testAppInfo.`app_id` = 1 AND aliasApp01.`app_id` = 1 AND app3.`app_id` = 1
